Started GET "/" for 127.0.0.1 at 2018-11-26 10:42:32 +0300
Processing by PagesController#app as HTML
  Rendering pages/app.html.erb within layouts/application
  Rendered pages/app.html.erb within layouts/application (1.8ms)
Completed 200 OK in 1759ms (Views: 1751.5ms | ActiveRecord: 0.0ms)


Started GET "/" for 127.0.0.1 at 2018-11-26 10:43:16 +0300
Processing by PagesController#app as HTML
  Rendering pages/app.html.erb within layouts/application
  Rendered pages/app.html.erb within layouts/application (236.1ms)
Completed 500 Internal Server Error in 255ms (ActiveRecord: 0.0ms)


  
ActionView::Template::Error (undefined method `react_compnent' for #<#<Class:0x00007ff383174570>:0x00007ff3889a8d18>
Did you mean?  react_component):
    1: <% react_compnent("Home")%>
  
app/views/pages/app.html.erb:1:in `_app_views_pages_app_html_erb___3853010489522865837_70341972807400'
Started GET "/" for 127.0.0.1 at 2018-11-26 10:43:50 +0300
Processing by PagesController#app as HTML
  Rendering pages/app.html.erb within layouts/application
  Rendered pages/app.html.erb within layouts/application (0.9ms)
Completed 200 OK in 41ms (Views: 36.9ms | ActiveRecord: 0.0ms)


Started GET "/" for 127.0.0.1 at 2018-11-26 10:44:54 +0300
Processing by PagesController#app as HTML
  Rendering pages/app.html.erb within layouts/application
  Rendered pages/app.html.erb within layouts/application (2.2ms)
Completed 200 OK in 1630ms (Views: 1623.6ms | ActiveRecord: 0.0ms)


Started GET "/" for 127.0.0.1 at 2018-11-26 10:45:11 +0300
Processing by PagesController#app as HTML
  Rendering pages/app.html.erb within layouts/application
  Rendered pages/app.html.erb within layouts/application (0.5ms)
Completed 200 OK in 31ms (Views: 27.9ms | ActiveRecord: 0.0ms)


Started GET "/" for 127.0.0.1 at 2018-11-26 10:45:22 +0300
Processing by PagesController#app as HTML
  Rendering pages/app.html.erb within layouts/application
  Rendered pages/app.html.erb within layouts/application (0.4ms)
Completed 200 OK in 33ms (Views: 28.4ms | ActiveRecord: 0.0ms)


Started GET "/" for 127.0.0.1 at 2018-11-26 10:45:32 +0300
Processing by PagesController#app as HTML
  Rendering pages/app.html.erb within layouts/application
  Rendered pages/app.html.erb within layouts/application (0.9ms)
Completed 200 OK in 1653ms (Views: 1647.1ms | ActiveRecord: 0.0ms)


Started GET "/" for 127.0.0.1 at 2018-11-26 10:45:43 +0300
Processing by PagesController#app as HTML
  Rendering pages/app.html.erb within layouts/application
  Rendered pages/app.html.erb within layouts/application (0.7ms)
Completed 200 OK in 53ms (Views: 48.5ms | ActiveRecord: 0.0ms)


Started GET "/" for 127.0.0.1 at 2018-11-26 10:46:24 +0300
Processing by PagesController#app as HTML
  Rendering pages/app.html.erb within layouts/application
  Rendered pages/app.html.erb within layouts/application (0.5ms)
Completed 200 OK in 25ms (Views: 21.1ms | ActiveRecord: 0.0ms)


Started GET "/" for 127.0.0.1 at 2018-11-26 10:46:35 +0300
Processing by PagesController#app as HTML
  Rendering pages/app.html.erb within layouts/application
  Rendered pages/app.html.erb within layouts/application (0.4ms)
Completed 200 OK in 28ms (Views: 24.9ms | ActiveRecord: 0.0ms)


Started GET "/" for 127.0.0.1 at 2018-11-26 10:46:37 +0300
Processing by PagesController#app as HTML
  Rendering pages/app.html.erb within layouts/application
  Rendered pages/app.html.erb within layouts/application (0.4ms)
Completed 200 OK in 18ms (Views: 15.7ms | ActiveRecord: 0.0ms)


Started GET "/" for 127.0.0.1 at 2018-11-26 10:46:38 +0300
Processing by PagesController#app as HTML
  Rendering pages/app.html.erb within layouts/application
  Rendered pages/app.html.erb within layouts/application (0.4ms)
Completed 200 OK in 31ms (Views: 26.5ms | ActiveRecord: 0.0ms)


Started GET "/" for 127.0.0.1 at 2018-11-26 10:46:38 +0300
Processing by PagesController#app as HTML
  Rendering pages/app.html.erb within layouts/application
  Rendered pages/app.html.erb within layouts/application (0.8ms)
Completed 200 OK in 23ms (Views: 21.0ms | ActiveRecord: 0.0ms)


Started GET "/" for 127.0.0.1 at 2018-11-26 10:47:04 +0300
Processing by PagesController#app as HTML
  Rendering pages/app.html.erb within layouts/application
  Rendered pages/app.html.erb within layouts/application (0.4ms)
Completed 200 OK in 27ms (Views: 23.1ms | ActiveRecord: 0.0ms)


Started GET "/" for 127.0.0.1 at 2018-11-26 10:47:17 +0300
Processing by PagesController#app as HTML
  Rendering pages/app.html.erb within layouts/application
  Rendered pages/app.html.erb within layouts/application (0.8ms)
Completed 200 OK in 1540ms (Views: 1533.5ms | ActiveRecord: 0.0ms)


Started GET "/" for 127.0.0.1 at 2018-11-26 10:47:34 +0300
Processing by PagesController#app as HTML
  Rendering pages/app.html.erb within layouts/application
  Rendered pages/app.html.erb within layouts/application (0.6ms)
[Webpacker] Compiling…
[Webpacker] Compiled all packs in /Users/la/Desktop/OryxClass/class/week_09/day_02/OurGithubApp/public/packs
Completed 200 OK in 3555ms (Views: 3549.0ms | ActiveRecord: 0.0ms)


Started GET "/" for 127.0.0.1 at 2018-11-26 10:48:05 +0300
Processing by PagesController#app as HTML
  Rendering pages/app.html.erb within layouts/application
  Rendered pages/app.html.erb within layouts/application (0.5ms)
[Webpacker] Compiling…
Started GET "/" for 127.0.0.1 at 2018-11-26 10:48:16 +0300
[Webpacker] Compiled all packs in /Users/la/Desktop/OryxClass/class/week_09/day_02/OurGithubApp/public/packs
Completed 200 OK in 2190ms (Views: 2187.1ms | ActiveRecord: 0.0ms)


Processing by PagesController#app as HTML
  Rendering pages/app.html.erb within layouts/application
  Rendered pages/app.html.erb within layouts/application (0.5ms)
Completed 200 OK in 53ms (Views: 50.0ms | ActiveRecord: 0.0ms)


Started GET "/" for 127.0.0.1 at 2018-11-26 10:48:18 +0300
Processing by PagesController#app as HTML
  Rendering pages/app.html.erb within layouts/application
  Rendered pages/app.html.erb within layouts/application (1.6ms)
Completed 200 OK in 37ms (Views: 34.4ms | ActiveRecord: 0.0ms)


Started GET "/" for 127.0.0.1 at 2018-11-26 10:48:21 +0300
Processing by PagesController#app as HTML
  Rendering pages/app.html.erb within layouts/application
  Rendered pages/app.html.erb within layouts/application (0.4ms)
Completed 200 OK in 27ms (Views: 24.7ms | ActiveRecord: 0.0ms)


Started GET "/" for 127.0.0.1 at 2018-11-26 10:48:32 +0300
Processing by PagesController#app as HTML
  Rendering pages/app.html.erb within layouts/application
  Rendered pages/app.html.erb within layouts/application (0.4ms)
[Webpacker] Compiling…
[Webpacker] Compiled all packs in /Users/la/Desktop/OryxClass/class/week_09/day_02/OurGithubApp/public/packs
Completed 200 OK in 2203ms (Views: 2200.6ms | ActiveRecord: 0.0ms)


Started GET "/" for 127.0.0.1 at 2018-11-26 10:49:04 +0300
Processing by PagesController#app as HTML
  Rendering pages/app.html.erb within layouts/application
  Rendered pages/app.html.erb within layouts/application (0.5ms)
[Webpacker] Compiling…
[Webpacker] Compiled all packs in /Users/la/Desktop/OryxClass/class/week_09/day_02/OurGithubApp/public/packs
Completed 200 OK in 2033ms (Views: 2029.1ms | ActiveRecord: 0.0ms)


Started GET "/" for 127.0.0.1 at 2018-11-26 10:50:10 +0300
Processing by PagesController#app as HTML
  Rendering pages/app.html.erb within layouts/application
  Rendered pages/app.html.erb within layouts/application (1.1ms)
[Webpacker] Compiling…
[Webpacker] Compiled all packs in /Users/la/Desktop/OryxClass/class/week_09/day_02/OurGithubApp/public/packs
Completed 200 OK in 4339ms (Views: 4333.0ms | ActiveRecord: 0.0ms)


Started GET "/" for 127.0.0.1 at 2018-11-26 10:50:59 +0300
Processing by PagesController#app as HTML
  Rendering pages/app.html.erb within layouts/application
  Rendered pages/app.html.erb within layouts/application (0.7ms)
Completed 200 OK in 40ms (Views: 37.1ms | ActiveRecord: 0.0ms)


Started GET "/" for 127.0.0.1 at 2018-11-26 10:51:11 +0300
Processing by PagesController#app as HTML
  Rendering pages/app.html.erb within layouts/application
  Rendered pages/app.html.erb within layouts/application (0.5ms)
Completed 200 OK in 30ms (Views: 26.7ms | ActiveRecord: 0.0ms)


Started GET "/" for 127.0.0.1 at 2018-11-26 10:51:30 +0300
Processing by PagesController#app as HTML
  Rendering pages/app.html.erb within layouts/application
  Rendered pages/app.html.erb within layouts/application (1.8ms)
Completed 200 OK in 1551ms (Views: 1543.8ms | ActiveRecord: 0.0ms)


Started GET "/" for 127.0.0.1 at 2018-11-26 10:52:09 +0300
Processing by PagesController#app as HTML
  Rendering pages/app.html.erb within layouts/application
  Rendered pages/app.html.erb within layouts/application (0.7ms)
[Webpacker] Compiling…
[Webpacker] Compiled all packs in /Users/la/Desktop/OryxClass/class/week_09/day_02/OurGithubApp/public/packs
Completed 200 OK in 3403ms (Views: 3397.8ms | ActiveRecord: 0.0ms)


Started GET "/" for 127.0.0.1 at 2018-11-26 10:52:24 +0300
Processing by PagesController#app as HTML
  Rendering pages/app.html.erb within layouts/application
  Rendered pages/app.html.erb within layouts/application (1.2ms)
Completed 200 OK in 34ms (Views: 29.2ms | ActiveRecord: 0.0ms)


Started GET "/" for 127.0.0.1 at 2018-11-26 10:52:24 +0300
Processing by PagesController#app as HTML
  Rendering pages/app.html.erb within layouts/application
  Rendered pages/app.html.erb within layouts/application (0.7ms)
Completed 200 OK in 36ms (Views: 33.0ms | ActiveRecord: 0.0ms)


Started GET "/" for 127.0.0.1 at 2018-11-26 10:52:36 +0300
Processing by PagesController#app as HTML
  Rendering pages/app.html.erb within layouts/application
  Rendered pages/app.html.erb within layouts/application (0.7ms)
Completed 200 OK in 1535ms (Views: 1529.2ms | ActiveRecord: 0.0ms)


Started GET "/" for 127.0.0.1 at 2018-11-26 10:52:48 +0300
Processing by PagesController#app as HTML
  Rendering pages/app.html.erb within layouts/application
  Rendered pages/app.html.erb within layouts/application (0.4ms)
Completed 200 OK in 31ms (Views: 26.6ms | ActiveRecord: 0.0ms)


Started GET "/" for 127.0.0.1 at 2018-11-26 10:53:01 +0300
Processing by PagesController#app as HTML
  Rendering pages/app.html.erb within layouts/application
  Rendered pages/app.html.erb within layouts/application (0.7ms)
Completed 200 OK in 1565ms (Views: 1559.3ms | ActiveRecord: 0.0ms)


Started GET "/" for 127.0.0.1 at 2018-11-26 10:54:05 +0300
Processing by PagesController#app as HTML
  Rendering pages/app.html.erb within layouts/application
  Rendered pages/app.html.erb within layouts/application (1.2ms)
Completed 200 OK in 2463ms (Views: 2455.7ms | ActiveRecord: 0.0ms)


Started GET "/" for 127.0.0.1 at 2018-11-26 10:54:25 +0300
Processing by PagesController#app as HTML
  Rendering pages/app.html.erb within layouts/application
  Rendered pages/app.html.erb within layouts/application (0.3ms)
Completed 200 OK in 21ms (Views: 18.8ms | ActiveRecord: 0.0ms)


Started GET "/" for 127.0.0.1 at 2018-11-26 10:54:39 +0300
Processing by PagesController#app as HTML
  Rendering pages/app.html.erb within layouts/application
  Rendered pages/app.html.erb within layouts/application (0.4ms)
Completed 200 OK in 37ms (Views: 32.7ms | ActiveRecord: 0.0ms)


Started GET "/" for 127.0.0.1 at 2018-11-26 10:56:46 +0300
Processing by PagesController#app as HTML
  Rendering pages/app.html.erb within layouts/application
  Rendered pages/app.html.erb within layouts/application (1.0ms)
Completed 200 OK in 27ms (Views: 22.7ms | ActiveRecord: 0.0ms)


Started GET "/" for 127.0.0.1 at 2018-11-26 10:59:29 +0300
Processing by PagesController#app as HTML
  Rendering pages/app.html.erb within layouts/application
  Rendered pages/app.html.erb within layouts/application (0.5ms)
Completed 200 OK in 22ms (Views: 19.1ms | ActiveRecord: 0.0ms)


Started GET "/" for 127.0.0.1 at 2018-11-26 11:01:10 +0300
Processing by PagesController#app as HTML
  Rendering pages/app.html.erb within layouts/application
  Rendered pages/app.html.erb within layouts/application (0.4ms)
Completed 200 OK in 25ms (Views: 22.5ms | ActiveRecord: 0.0ms)


Started GET "/" for 127.0.0.1 at 2018-11-26 11:03:21 +0300
Processing by PagesController#app as HTML
  Rendering pages/app.html.erb within layouts/application
  Rendered pages/app.html.erb within layouts/application (0.5ms)
Completed 200 OK in 20ms (Views: 17.8ms | ActiveRecord: 0.0ms)


Started GET "/" for 127.0.0.1 at 2018-11-26 11:04:22 +0300
Processing by PagesController#app as HTML
  Rendering pages/app.html.erb within layouts/application
  Rendered pages/app.html.erb within layouts/application (0.4ms)
Completed 200 OK in 29ms (Views: 24.5ms | ActiveRecord: 0.0ms)


Started GET "/" for 127.0.0.1 at 2018-11-26 11:04:27 +0300
Processing by PagesController#app as HTML
  Rendering pages/app.html.erb within layouts/application
  Rendered pages/app.html.erb within layouts/application (0.4ms)
Completed 200 OK in 32ms (Views: 25.5ms | ActiveRecord: 0.0ms)


Started GET "/" for 127.0.0.1 at 2018-11-26 11:04:28 +0300
Processing by PagesController#app as HTML
  Rendering pages/app.html.erb within layouts/application
  Rendered pages/app.html.erb within layouts/application (0.4ms)
Completed 200 OK in 27ms (Views: 24.1ms | ActiveRecord: 0.0ms)


Started GET "/" for 127.0.0.1 at 2018-11-26 11:06:32 +0300
Processing by PagesController#app as HTML
  Rendering pages/app.html.erb within layouts/application
  Rendered pages/app.html.erb within layouts/application (0.6ms)
Completed 200 OK in 27ms (Views: 24.2ms | ActiveRecord: 0.0ms)


Started GET "/" for 127.0.0.1 at 2018-11-26 11:07:18 +0300
Processing by PagesController#app as HTML
  Rendering pages/app.html.erb within layouts/application
  Rendered pages/app.html.erb within layouts/application (0.4ms)
Completed 200 OK in 23ms (Views: 20.9ms | ActiveRecord: 0.0ms)


Started GET "/" for 127.0.0.1 at 2018-11-26 11:08:14 +0300
Processing by PagesController#app as HTML
  Rendering pages/app.html.erb within layouts/application
  Rendered pages/app.html.erb within layouts/application (0.4ms)
Completed 200 OK in 22ms (Views: 18.8ms | ActiveRecord: 0.0ms)


Started GET "/" for 127.0.0.1 at 2018-11-26 11:09:44 +0300
Processing by PagesController#app as HTML
  Rendering pages/app.html.erb within layouts/application
  Rendered pages/app.html.erb within layouts/application (0.5ms)
Completed 200 OK in 30ms (Views: 27.4ms | ActiveRecord: 0.0ms)


Started GET "/" for 127.0.0.1 at 2018-11-26 11:10:11 +0300
Processing by PagesController#app as HTML
  Rendering pages/app.html.erb within layouts/application
  Rendered pages/app.html.erb within layouts/application (0.5ms)
Completed 200 OK in 24ms (Views: 21.7ms | ActiveRecord: 0.0ms)


Started GET "/" for 127.0.0.1 at 2018-11-26 11:11:08 +0300
Processing by PagesController#app as HTML
  Rendering pages/app.html.erb within layouts/application
  Rendered pages/app.html.erb within layouts/application (0.8ms)
Completed 200 OK in 24ms (Views: 21.0ms | ActiveRecord: 0.0ms)


Started GET "/" for 127.0.0.1 at 2018-11-26 11:11:31 +0300
Processing by PagesController#app as HTML
  Rendering pages/app.html.erb within layouts/application
  Rendered pages/app.html.erb within layouts/application (0.8ms)
Completed 200 OK in 27ms (Views: 23.5ms | ActiveRecord: 0.0ms)


Started GET "/" for 127.0.0.1 at 2018-11-26 11:12:26 +0300
Processing by PagesController#app as HTML
  Rendering pages/app.html.erb within layouts/application
  Rendered pages/app.html.erb within layouts/application (0.7ms)
Completed 200 OK in 40ms (Views: 37.7ms | ActiveRecord: 0.0ms)


Started GET "/" for 127.0.0.1 at 2018-11-26 11:12:46 +0300
Processing by PagesController#app as HTML
  Rendering pages/app.html.erb within layouts/application
  Rendered pages/app.html.erb within layouts/application (0.4ms)
Completed 200 OK in 30ms (Views: 27.2ms | ActiveRecord: 0.0ms)


Started GET "/" for 127.0.0.1 at 2018-11-26 11:13:13 +0300
Processing by PagesController#app as HTML
  Rendering pages/app.html.erb within layouts/application
  Rendered pages/app.html.erb within layouts/application (1.4ms)
Completed 200 OK in 33ms (Views: 30.1ms | ActiveRecord: 0.0ms)


Started GET "/" for 127.0.0.1 at 2018-11-26 11:14:44 +0300
Processing by PagesController#app as HTML
  Rendering pages/app.html.erb within layouts/application
  Rendered pages/app.html.erb within layouts/application (0.6ms)
Completed 200 OK in 27ms (Views: 23.2ms | ActiveRecord: 0.0ms)


Started GET "/" for 127.0.0.1 at 2018-11-26 11:14:49 +0300
Processing by PagesController#app as HTML
  Rendering pages/app.html.erb within layouts/application
  Rendered pages/app.html.erb within layouts/application (0.5ms)
Completed 200 OK in 25ms (Views: 21.0ms | ActiveRecord: 0.0ms)


Started GET "/" for 127.0.0.1 at 2018-11-26 11:14:52 +0300
Processing by PagesController#app as HTML
  Rendering pages/app.html.erb within layouts/application
  Rendered pages/app.html.erb within layouts/application (0.4ms)
Completed 200 OK in 24ms (Views: 21.7ms | ActiveRecord: 0.0ms)


Started GET "/" for 127.0.0.1 at 2018-11-26 11:15:18 +0300
Processing by PagesController#app as HTML
  Rendering pages/app.html.erb within layouts/application
  Rendered pages/app.html.erb within layouts/application (0.4ms)
Completed 200 OK in 22ms (Views: 18.7ms | ActiveRecord: 0.0ms)


Started GET "/" for 127.0.0.1 at 2018-11-26 11:15:47 +0300
Processing by PagesController#app as HTML
  Rendering pages/app.html.erb within layouts/application
  Rendered pages/app.html.erb within layouts/application (0.5ms)
Completed 200 OK in 29ms (Views: 25.1ms | ActiveRecord: 0.0ms)


Started GET "/" for 127.0.0.1 at 2018-11-26 11:15:50 +0300
Processing by PagesController#app as HTML
  Rendering pages/app.html.erb within layouts/application
  Rendered pages/app.html.erb within layouts/application (0.5ms)
Completed 200 OK in 22ms (Views: 19.2ms | ActiveRecord: 0.0ms)


Started GET "/" for 127.0.0.1 at 2018-11-26 11:15:51 +0300
Processing by PagesController#app as HTML
  Rendering pages/app.html.erb within layouts/application
  Rendered pages/app.html.erb within layouts/application (0.4ms)
Completed 200 OK in 26ms (Views: 22.6ms | ActiveRecord: 0.0ms)


Started GET "/" for 127.0.0.1 at 2018-11-26 11:15:54 +0300
Processing by PagesController#app as HTML
  Rendering pages/app.html.erb within layouts/application
  Rendered pages/app.html.erb within layouts/application (0.5ms)
Completed 200 OK in 29ms (Views: 25.0ms | ActiveRecord: 0.0ms)


Started GET "/" for 127.0.0.1 at 2018-11-26 11:18:32 +0300
Processing by PagesController#app as HTML
  Rendering pages/app.html.erb within layouts/application
  Rendered pages/app.html.erb within layouts/application (0.4ms)
Completed 200 OK in 26ms (Views: 23.6ms | ActiveRecord: 0.0ms)


Started GET "/" for 127.0.0.1 at 2018-11-26 11:18:40 +0300
Processing by PagesController#app as HTML
  Rendering pages/app.html.erb within layouts/application
  Rendered pages/app.html.erb within layouts/application (0.6ms)
Completed 200 OK in 26ms (Views: 22.1ms | ActiveRecord: 0.0ms)


Started GET "/" for 127.0.0.1 at 2018-11-26 11:18:43 +0300
Processing by PagesController#app as HTML
  Rendering pages/app.html.erb within layouts/application
  Rendered pages/app.html.erb within layouts/application (0.4ms)
Completed 200 OK in 22ms (Views: 19.9ms | ActiveRecord: 0.0ms)


Started GET "/" for 127.0.0.1 at 2018-11-26 11:19:03 +0300
Processing by PagesController#app as HTML
  Rendering pages/app.html.erb within layouts/application
  Rendered pages/app.html.erb within layouts/application (0.4ms)
Completed 200 OK in 22ms (Views: 19.1ms | ActiveRecord: 0.0ms)


Started GET "/" for 127.0.0.1 at 2018-11-26 11:19:07 +0300
Processing by PagesController#app as HTML
  Rendering pages/app.html.erb within layouts/application
  Rendered pages/app.html.erb within layouts/application (0.6ms)
Completed 200 OK in 26ms (Views: 23.4ms | ActiveRecord: 0.0ms)


Started GET "/" for 127.0.0.1 at 2018-11-26 11:20:06 +0300
Processing by PagesController#app as HTML
  Rendering pages/app.html.erb within layouts/application
  Rendered pages/app.html.erb within layouts/application (0.5ms)
Completed 200 OK in 29ms (Views: 25.8ms | ActiveRecord: 0.0ms)


Started GET "/" for 127.0.0.1 at 2018-11-26 11:20:20 +0300
Processing by PagesController#app as HTML
  Rendering pages/app.html.erb within layouts/application
  Rendered pages/app.html.erb within layouts/application (0.7ms)
Completed 200 OK in 27ms (Views: 23.8ms | ActiveRecord: 0.0ms)


Started GET "/" for 127.0.0.1 at 2018-11-26 11:23:04 +0300
Processing by PagesController#app as HTML
  Rendering pages/app.html.erb within layouts/application
  Rendered pages/app.html.erb within layouts/application (0.5ms)
Completed 200 OK in 30ms (Views: 27.2ms | ActiveRecord: 0.0ms)


Started GET "/" for 127.0.0.1 at 2018-11-26 11:23:07 +0300
Processing by PagesController#app as HTML
  Rendering pages/app.html.erb within layouts/application
  Rendered pages/app.html.erb within layouts/application (0.4ms)
Completed 200 OK in 25ms (Views: 21.9ms | ActiveRecord: 0.0ms)


Started GET "/" for 127.0.0.1 at 2018-11-26 11:24:15 +0300
Processing by PagesController#app as HTML
  Rendering pages/app.html.erb within layouts/application
  Rendered pages/app.html.erb within layouts/application (0.7ms)
Completed 200 OK in 22ms (Views: 18.6ms | ActiveRecord: 0.0ms)


Started GET "/" for 127.0.0.1 at 2018-11-26 11:24:19 +0300
Processing by PagesController#app as HTML
  Rendering pages/app.html.erb within layouts/application
  Rendered pages/app.html.erb within layouts/application (0.4ms)
Completed 200 OK in 22ms (Views: 19.5ms | ActiveRecord: 0.0ms)


Started GET "/" for 127.0.0.1 at 2018-11-26 11:24:26 +0300
Processing by PagesController#app as HTML
  Rendering pages/app.html.erb within layouts/application
  Rendered pages/app.html.erb within layouts/application (0.5ms)
Completed 200 OK in 25ms (Views: 21.3ms | ActiveRecord: 0.0ms)


Started GET "/" for 127.0.0.1 at 2018-11-26 11:24:42 +0300
Processing by PagesController#app as HTML
  Rendering pages/app.html.erb within layouts/application
  Rendered pages/app.html.erb within layouts/application (0.5ms)
Completed 200 OK in 21ms (Views: 18.1ms | ActiveRecord: 0.0ms)


Started GET "/" for 127.0.0.1 at 2018-11-26 11:24:49 +0300
Processing by PagesController#app as HTML
  Rendering pages/app.html.erb within layouts/application
  Rendered pages/app.html.erb within layouts/application (0.7ms)
Completed 200 OK in 27ms (Views: 24.4ms | ActiveRecord: 0.0ms)


Started GET "/" for 127.0.0.1 at 2018-11-26 11:24:56 +0300
Processing by PagesController#app as HTML
  Rendering pages/app.html.erb within layouts/application
  Rendered pages/app.html.erb within layouts/application (0.4ms)
Completed 200 OK in 24ms (Views: 21.4ms | ActiveRecord: 0.0ms)


Started GET "/" for 127.0.0.1 at 2018-11-26 11:24:57 +0300
Processing by PagesController#app as HTML
  Rendering pages/app.html.erb within layouts/application
  Rendered pages/app.html.erb within layouts/application (0.4ms)
Completed 200 OK in 25ms (Views: 21.7ms | ActiveRecord: 0.0ms)


Started GET "/" for 127.0.0.1 at 2018-11-26 11:25:03 +0300
Processing by PagesController#app as HTML
  Rendering pages/app.html.erb within layouts/application
  Rendered pages/app.html.erb within layouts/application (0.6ms)
Completed 200 OK in 26ms (Views: 24.0ms | ActiveRecord: 0.0ms)


Started GET "/" for 127.0.0.1 at 2018-11-26 11:26:20 +0300
Processing by PagesController#app as HTML
  Rendering pages/app.html.erb within layouts/application
  Rendered pages/app.html.erb within layouts/application (0.4ms)
Completed 200 OK in 21ms (Views: 18.4ms | ActiveRecord: 0.0ms)


Started GET "/" for 127.0.0.1 at 2018-11-26 11:29:20 +0300
Processing by PagesController#app as HTML
  Rendering pages/app.html.erb within layouts/application
  Rendered pages/app.html.erb within layouts/application (0.5ms)
Completed 200 OK in 20ms (Views: 17.1ms | ActiveRecord: 0.0ms)


Started GET "/" for 127.0.0.1 at 2018-11-26 11:29:52 +0300
Processing by PagesController#app as HTML
  Rendering pages/app.html.erb within layouts/application
  Rendered pages/app.html.erb within layouts/application (0.5ms)
Completed 200 OK in 20ms (Views: 17.8ms | ActiveRecord: 0.0ms)


Started GET "/" for 127.0.0.1 at 2018-11-26 11:30:41 +0300
Processing by PagesController#app as HTML
  Rendering pages/app.html.erb within layouts/application
  Rendered pages/app.html.erb within layouts/application (0.5ms)
Completed 200 OK in 27ms (Views: 24.1ms | ActiveRecord: 0.0ms)


Started GET "/" for 127.0.0.1 at 2018-11-26 11:31:55 +0300
Processing by PagesController#app as HTML
  Rendering pages/app.html.erb within layouts/application
  Rendered pages/app.html.erb within layouts/application (0.5ms)
Completed 200 OK in 20ms (Views: 17.2ms | ActiveRecord: 0.0ms)


Started GET "/" for 127.0.0.1 at 2018-11-26 11:32:26 +0300
Processing by PagesController#app as HTML
  Rendering pages/app.html.erb within layouts/application
  Rendered pages/app.html.erb within layouts/application (0.5ms)
Completed 200 OK in 31ms (Views: 27.2ms | ActiveRecord: 0.0ms)


Started GET "/" for 127.0.0.1 at 2018-11-26 11:32:53 +0300
Processing by PagesController#app as HTML
  Rendering pages/app.html.erb within layouts/application
  Rendered pages/app.html.erb within layouts/application (0.6ms)
Completed 200 OK in 35ms (Views: 30.1ms | ActiveRecord: 0.0ms)


Started GET "/" for 127.0.0.1 at 2018-11-26 11:33:05 +0300
Processing by PagesController#app as HTML
  Rendering pages/app.html.erb within layouts/application
  Rendered pages/app.html.erb within layouts/application (1.1ms)
Completed 200 OK in 38ms (Views: 32.9ms | ActiveRecord: 0.0ms)


Started GET "/" for 127.0.0.1 at 2018-11-26 11:34:31 +0300
Processing by PagesController#app as HTML
  Rendering pages/app.html.erb within layouts/application
  Rendered pages/app.html.erb within layouts/application (0.5ms)
Completed 200 OK in 20ms (Views: 17.6ms | ActiveRecord: 0.0ms)


Started GET "/" for 127.0.0.1 at 2018-11-26 11:37:03 +0300
Processing by PagesController#app as HTML
  Rendering pages/app.html.erb within layouts/application
  Rendered pages/app.html.erb within layouts/application (0.6ms)
Completed 200 OK in 26ms (Views: 23.8ms | ActiveRecord: 0.0ms)


Started GET "/" for 127.0.0.1 at 2018-11-26 11:38:34 +0300
Processing by PagesController#app as HTML
  Rendering pages/app.html.erb within layouts/application
  Rendered pages/app.html.erb within layouts/application (0.6ms)
Completed 200 OK in 36ms (Views: 31.9ms | ActiveRecord: 0.0ms)


Started GET "/" for 127.0.0.1 at 2018-11-26 11:47:51 +0300
Processing by PagesController#app as HTML
  Rendering pages/app.html.erb within layouts/application
  Rendered pages/app.html.erb within layouts/application (0.6ms)
Completed 200 OK in 38ms (Views: 32.9ms | ActiveRecord: 0.0ms)


Started GET "/" for 127.0.0.1 at 2018-11-26 11:48:07 +0300
Processing by PagesController#app as HTML
  Rendering pages/app.html.erb within layouts/application
  Rendered pages/app.html.erb within layouts/application (0.6ms)
Completed 200 OK in 34ms (Views: 31.0ms | ActiveRecord: 0.0ms)


Started GET "/" for 127.0.0.1 at 2018-11-26 11:48:24 +0300
Processing by PagesController#app as HTML
  Rendering pages/app.html.erb within layouts/application
  Rendered pages/app.html.erb within layouts/application (0.6ms)
Completed 200 OK in 26ms (Views: 23.6ms | ActiveRecord: 0.0ms)


Started GET "/" for 127.0.0.1 at 2018-11-26 13:21:29 +0300
Processing by PagesController#app as HTML
  Rendering pages/app.html.erb within layouts/application
  Rendered pages/app.html.erb within layouts/application (2.7ms)
Completed 200 OK in 59ms (Views: 50.3ms | ActiveRecord: 0.0ms)


Started GET "/" for 127.0.0.1 at 2018-11-26 13:21:59 +0300
Processing by PagesController#app as HTML
  Rendering pages/app.html.erb within layouts/application
  Rendered pages/app.html.erb within layouts/application (1.1ms)
Completed 200 OK in 43ms (Views: 39.1ms | ActiveRecord: 0.0ms)


Started GET "/" for 127.0.0.1 at 2018-11-26 13:22:38 +0300
Processing by PagesController#app as HTML
  Rendering pages/app.html.erb within layouts/application
  Rendered pages/app.html.erb within layouts/application (0.5ms)
Completed 200 OK in 31ms (Views: 28.3ms | ActiveRecord: 0.0ms)


Started GET "/" for 127.0.0.1 at 2018-11-26 13:27:39 +0300
Processing by PagesController#app as HTML
  Rendering pages/app.html.erb within layouts/application
  Rendered pages/app.html.erb within layouts/application (0.4ms)
Completed 200 OK in 50ms (Views: 46.8ms | ActiveRecord: 0.0ms)


Started GET "/" for 127.0.0.1 at 2018-11-26 13:29:26 +0300
Processing by PagesController#app as HTML
  Rendering pages/app.html.erb within layouts/application
  Rendered pages/app.html.erb within layouts/application (0.7ms)
Completed 200 OK in 25ms (Views: 22.6ms | ActiveRecord: 0.0ms)


Started GET "/" for 127.0.0.1 at 2018-11-26 13:30:08 +0300
Processing by PagesController#app as HTML
  Rendering pages/app.html.erb within layouts/application
  Rendered pages/app.html.erb within layouts/application (3.2ms)
Completed 200 OK in 80ms (Views: 75.3ms | ActiveRecord: 0.0ms)


Started GET "/" for 127.0.0.1 at 2018-11-26 13:31:35 +0300
Processing by PagesController#app as HTML
  Rendering pages/app.html.erb within layouts/application
  Rendered pages/app.html.erb within layouts/application (6.0ms)
Completed 200 OK in 186ms (Views: 174.8ms | ActiveRecord: 0.0ms)


Started GET "/" for 127.0.0.1 at 2018-11-26 13:34:54 +0300
Processing by PagesController#app as HTML
  Rendering pages/app.html.erb within layouts/application
  Rendered pages/app.html.erb within layouts/application (89.7ms)
Completed 200 OK in 1261ms (Views: 977.8ms | ActiveRecord: 0.0ms)


Started GET "/" for 127.0.0.1 at 2018-11-26 13:43:05 +0300
Processing by PagesController#app as HTML
  Rendering pages/app.html.erb within layouts/application
  Rendered pages/app.html.erb within layouts/application (3.0ms)
Completed 200 OK in 70ms (Views: 59.4ms | ActiveRecord: 0.0ms)


Started GET "/" for 127.0.0.1 at 2018-11-26 13:43:25 +0300
Processing by PagesController#app as HTML
  Rendering pages/app.html.erb within layouts/application
  Rendered pages/app.html.erb within layouts/application (0.7ms)
Completed 200 OK in 40ms (Views: 34.2ms | ActiveRecord: 0.0ms)


Started GET "/" for 127.0.0.1 at 2018-11-26 13:43:41 +0300
Processing by PagesController#app as HTML
  Rendering pages/app.html.erb within layouts/application
  Rendered pages/app.html.erb within layouts/application (1.8ms)
Completed 200 OK in 2788ms (Views: 2782.4ms | ActiveRecord: 0.0ms)


Started GET "/" for 127.0.0.1 at 2018-11-26 13:43:49 +0300
Processing by PagesController#app as HTML
  Rendering pages/app.html.erb within layouts/application
  Rendered pages/app.html.erb within layouts/application (0.4ms)
Completed 200 OK in 32ms (Views: 29.0ms | ActiveRecord: 0.0ms)


Started GET "/" for 127.0.0.1 at 2018-11-26 13:44:41 +0300
Processing by PagesController#app as HTML
  Rendering pages/app.html.erb within layouts/application
  Rendered pages/app.html.erb within layouts/application (0.5ms)
Completed 200 OK in 21ms (Views: 18.5ms | ActiveRecord: 0.0ms)


Started GET "/" for 127.0.0.1 at 2018-11-26 13:44:56 +0300
Processing by PagesController#app as HTML
  Rendering pages/app.html.erb within layouts/application
  Rendered pages/app.html.erb within layouts/application (0.6ms)
Completed 200 OK in 34ms (Views: 28.2ms | ActiveRecord: 0.0ms)


Started GET "/" for 127.0.0.1 at 2018-11-26 13:45:13 +0300
Processing by PagesController#app as HTML
  Rendering pages/app.html.erb within layouts/application
  Rendered pages/app.html.erb within layouts/application (0.5ms)
Completed 200 OK in 34ms (Views: 31.6ms | ActiveRecord: 0.0ms)


Started GET "/" for 127.0.0.1 at 2018-11-26 13:45:38 +0300
Processing by PagesController#app as HTML
  Rendering pages/app.html.erb within layouts/application
  Rendered pages/app.html.erb within layouts/application (0.4ms)
Completed 200 OK in 23ms (Views: 19.1ms | ActiveRecord: 0.0ms)


Started GET "/" for 127.0.0.1 at 2018-11-26 13:45:53 +0300
Processing by PagesController#app as HTML
  Rendering pages/app.html.erb within layouts/application
  Rendered pages/app.html.erb within layouts/application (0.7ms)
Completed 200 OK in 25ms (Views: 20.4ms | ActiveRecord: 0.0ms)


Started GET "/" for 127.0.0.1 at 2018-11-26 13:51:41 +0300
Processing by PagesController#app as HTML
  Rendering pages/app.html.erb within layouts/application
  Rendered pages/app.html.erb within layouts/application (0.4ms)
Completed 200 OK in 23ms (Views: 18.6ms | ActiveRecord: 0.0ms)


Started GET "/" for 127.0.0.1 at 2018-11-26 13:54:01 +0300
Processing by PagesController#app as HTML
  Rendering pages/app.html.erb within layouts/application
  Rendered pages/app.html.erb within layouts/application (0.5ms)
Completed 200 OK in 23ms (Views: 19.5ms | ActiveRecord: 0.0ms)


Started GET "/" for 127.0.0.1 at 2018-11-26 13:56:14 +0300
Processing by PagesController#app as HTML
  Rendering pages/app.html.erb within layouts/application
  Rendered pages/app.html.erb within layouts/application (0.8ms)
Completed 200 OK in 1992ms (Views: 1987.0ms | ActiveRecord: 0.0ms)


Started GET "/" for 127.0.0.1 at 2018-11-26 14:01:34 +0300
Processing by PagesController#app as HTML
  Rendering pages/app.html.erb within layouts/application
  Rendered pages/app.html.erb within layouts/application (0.7ms)
[Webpacker] Compiling…
[Webpacker] Compiled all packs in /Users/la/Desktop/OryxClass/class/week_09/day_02/OurGithubApp/public/packs
Completed 200 OK in 3919ms (Views: 3912.7ms | ActiveRecord: 0.0ms)


Started GET "/" for 127.0.0.1 at 2018-11-26 14:04:30 +0300
Processing by PagesController#app as HTML
  Rendering pages/app.html.erb within layouts/application
  Rendered pages/app.html.erb within layouts/application (0.5ms)
Completed 200 OK in 24ms (Views: 20.6ms | ActiveRecord: 0.0ms)


Started GET "/" for 127.0.0.1 at 2018-11-26 14:09:42 +0300
Processing by PagesController#app as HTML
  Rendering pages/app.html.erb within layouts/application
  Rendered pages/app.html.erb within layouts/application (0.4ms)
Completed 200 OK in 26ms (Views: 22.6ms | ActiveRecord: 0.0ms)


Started GET "/" for 127.0.0.1 at 2018-11-26 14:09:54 +0300
Processing by PagesController#app as HTML
  Rendering pages/app.html.erb within layouts/application
  Rendered pages/app.html.erb within layouts/application (0.6ms)
Completed 200 OK in 31ms (Views: 26.5ms | ActiveRecord: 0.0ms)


Started GET "/" for 127.0.0.1 at 2018-11-26 14:12:14 +0300
Processing by PagesController#app as HTML
  Rendering pages/app.html.erb within layouts/application
  Rendered pages/app.html.erb within layouts/application (1.4ms)
Completed 200 OK in 30ms (Views: 26.8ms | ActiveRecord: 0.0ms)


Started GET "/" for 127.0.0.1 at 2018-11-26 14:12:23 +0300
Processing by PagesController#app as HTML
  Rendering pages/app.html.erb within layouts/application
  Rendered pages/app.html.erb within layouts/application (1.0ms)
Completed 200 OK in 27ms (Views: 22.1ms | ActiveRecord: 0.0ms)


Started GET "/" for 127.0.0.1 at 2018-11-26 14:12:30 +0300
Processing by PagesController#app as HTML
  Rendering pages/app.html.erb within layouts/application
  Rendered pages/app.html.erb within layouts/application (0.5ms)
Completed 200 OK in 30ms (Views: 25.1ms | ActiveRecord: 0.0ms)


Started GET "/" for 127.0.0.1 at 2018-11-26 14:17:08 +0300
Processing by PagesController#app as HTML
  Rendering pages/app.html.erb within layouts/application
  Rendered pages/app.html.erb within layouts/application (0.4ms)
Completed 200 OK in 24ms (Views: 17.8ms | ActiveRecord: 0.0ms)


Started GET "/" for 127.0.0.1 at 2018-11-26 14:19:20 +0300
Processing by PagesController#app as HTML
  Rendering pages/app.html.erb within layouts/application
  Rendered pages/app.html.erb within layouts/application (0.4ms)
Completed 200 OK in 20ms (Views: 17.5ms | ActiveRecord: 0.0ms)


Started GET "/" for 127.0.0.1 at 2018-11-26 14:20:33 +0300
Processing by PagesController#app as HTML
  Rendering pages/app.html.erb within layouts/application
  Rendered pages/app.html.erb within layouts/application (0.4ms)
Completed 200 OK in 23ms (Views: 18.3ms | ActiveRecord: 0.0ms)


Started GET "/" for 127.0.0.1 at 2018-11-26 14:21:07 +0300
Processing by PagesController#app as HTML
  Rendering pages/app.html.erb within layouts/application
  Rendered pages/app.html.erb within layouts/application (0.5ms)
Completed 200 OK in 34ms (Views: 29.5ms | ActiveRecord: 0.0ms)


Started GET "/" for 127.0.0.1 at 2018-11-26 14:21:26 +0300
Processing by PagesController#app as HTML
  Rendering pages/app.html.erb within layouts/application
  Rendered pages/app.html.erb within layouts/application (0.4ms)
Completed 200 OK in 23ms (Views: 20.4ms | ActiveRecord: 0.0ms)


Started GET "/" for 127.0.0.1 at 2018-11-26 14:21:33 +0300
Processing by PagesController#app as HTML
  Rendering pages/app.html.erb within layouts/application
  Rendered pages/app.html.erb within layouts/application (0.4ms)
Completed 200 OK in 22ms (Views: 19.2ms | ActiveRecord: 0.0ms)


Started GET "/" for 127.0.0.1 at 2018-11-26 14:22:13 +0300
Processing by PagesController#app as HTML
  Rendering pages/app.html.erb within layouts/application
  Rendered pages/app.html.erb within layouts/application (0.4ms)
Completed 200 OK in 26ms (Views: 23.4ms | ActiveRecord: 0.0ms)


Started GET "/" for 127.0.0.1 at 2018-11-26 14:22:48 +0300
Processing by PagesController#app as HTML
  Rendering pages/app.html.erb within layouts/application
  Rendered pages/app.html.erb within layouts/application (0.5ms)
Completed 200 OK in 35ms (Views: 30.9ms | ActiveRecord: 0.0ms)


Started GET "/" for 127.0.0.1 at 2018-11-26 14:23:18 +0300
Processing by PagesController#app as HTML
  Rendering pages/app.html.erb within layouts/application
  Rendered pages/app.html.erb within layouts/application (0.5ms)
Completed 200 OK in 30ms (Views: 26.8ms | ActiveRecord: 0.0ms)


Started GET "/" for 127.0.0.1 at 2018-11-26 14:24:04 +0300
Processing by PagesController#app as HTML
  Rendering pages/app.html.erb within layouts/application
  Rendered pages/app.html.erb within layouts/application (0.4ms)
Completed 200 OK in 20ms (Views: 17.8ms | ActiveRecord: 0.0ms)


Started GET "/" for 127.0.0.1 at 2018-11-26 14:24:51 +0300
Processing by PagesController#app as HTML
  Rendering pages/app.html.erb within layouts/application
  Rendered pages/app.html.erb within layouts/application (0.4ms)
Completed 200 OK in 22ms (Views: 19.4ms | ActiveRecord: 0.0ms)


Started GET "/" for 127.0.0.1 at 2018-11-26 14:28:26 +0300
Processing by PagesController#app as HTML
  Rendering pages/app.html.erb within layouts/application
  Rendered pages/app.html.erb within layouts/application (0.6ms)
Completed 200 OK in 21ms (Views: 18.7ms | ActiveRecord: 0.0ms)


Started GET "/" for 127.0.0.1 at 2018-11-26 14:29:13 +0300
Processing by PagesController#app as HTML
  Rendering pages/app.html.erb within layouts/application
  Rendered pages/app.html.erb within layouts/application (1.0ms)
Completed 200 OK in 50ms (Views: 45.4ms | ActiveRecord: 0.0ms)


Started GET "/" for 127.0.0.1 at 2018-11-26 14:29:38 +0300
Processing by PagesController#app as HTML
  Rendering pages/app.html.erb within layouts/application
  Rendered pages/app.html.erb within layouts/application (0.6ms)
Completed 200 OK in 31ms (Views: 27.9ms | ActiveRecord: 0.0ms)


Started GET "/" for 127.0.0.1 at 2018-11-26 14:30:15 +0300
Processing by PagesController#app as HTML
  Rendering pages/app.html.erb within layouts/application
  Rendered pages/app.html.erb within layouts/application (0.5ms)
Completed 200 OK in 23ms (Views: 19.8ms | ActiveRecord: 0.0ms)


Started GET "/" for 127.0.0.1 at 2018-11-26 14:31:18 +0300
Processing by PagesController#app as HTML
  Rendering pages/app.html.erb within layouts/application
  Rendered pages/app.html.erb within layouts/application (0.4ms)
Completed 200 OK in 23ms (Views: 19.0ms | ActiveRecord: 0.0ms)


Started GET "/" for 127.0.0.1 at 2018-11-26 14:32:13 +0300
Processing by PagesController#app as HTML
  Rendering pages/app.html.erb within layouts/application
  Rendered pages/app.html.erb within layouts/application (0.6ms)
Completed 200 OK in 19ms (Views: 17.4ms | ActiveRecord: 0.0ms)


Started GET "/" for 127.0.0.1 at 2018-11-26 14:32:27 +0300
Processing by PagesController#app as HTML
  Rendering pages/app.html.erb within layouts/application
  Rendered pages/app.html.erb within layouts/application (0.4ms)
Completed 200 OK in 30ms (Views: 26.4ms | ActiveRecord: 0.0ms)


Started GET "/" for 127.0.0.1 at 2018-11-26 14:32:43 +0300
Processing by PagesController#app as HTML
  Rendering pages/app.html.erb within layouts/application
  Rendered pages/app.html.erb within layouts/application (0.4ms)
Completed 200 OK in 29ms (Views: 24.6ms | ActiveRecord: 0.0ms)


Started GET "/" for 127.0.0.1 at 2018-11-26 14:33:13 +0300
Processing by PagesController#app as HTML
  Rendering pages/app.html.erb within layouts/application
  Rendered pages/app.html.erb within layouts/application (1.0ms)
Completed 200 OK in 23ms (Views: 19.9ms | ActiveRecord: 0.0ms)


Started GET "/" for 127.0.0.1 at 2018-11-26 14:41:38 +0300
Processing by PagesController#app as HTML
  Rendering pages/app.html.erb within layouts/application
  Rendered pages/app.html.erb within layouts/application (0.5ms)
Completed 200 OK in 30ms (Views: 26.3ms | ActiveRecord: 0.0ms)


Started GET "/" for 127.0.0.1 at 2018-11-26 14:43:58 +0300
Processing by PagesController#app as HTML
  Rendering pages/app.html.erb within layouts/application
  Rendered pages/app.html.erb within layouts/application (0.7ms)
Completed 200 OK in 31ms (Views: 28.0ms | ActiveRecord: 0.0ms)


Started GET "/" for 127.0.0.1 at 2018-11-26 14:45:43 +0300
Processing by PagesController#app as HTML
  Rendering pages/app.html.erb within layouts/application
  Rendered pages/app.html.erb within layouts/application (0.6ms)
Completed 200 OK in 47ms (Views: 42.5ms | ActiveRecord: 0.0ms)


Started GET "/" for 127.0.0.1 at 2018-11-26 14:46:41 +0300
Processing by PagesController#app as HTML
  Rendering pages/app.html.erb within layouts/application
  Rendered pages/app.html.erb within layouts/application (0.6ms)
Completed 200 OK in 29ms (Views: 25.0ms | ActiveRecord: 0.0ms)


Started GET "/" for 127.0.0.1 at 2018-11-26 14:46:48 +0300
Processing by PagesController#app as HTML
  Rendering pages/app.html.erb within layouts/application
  Rendered pages/app.html.erb within layouts/application (0.4ms)
Completed 200 OK in 25ms (Views: 21.0ms | ActiveRecord: 0.0ms)


Started GET "/" for 127.0.0.1 at 2018-11-26 14:47:02 +0300
Processing by PagesController#app as HTML
  Rendering pages/app.html.erb within layouts/application
  Rendered pages/app.html.erb within layouts/application (1.2ms)
Completed 200 OK in 27ms (Views: 23.6ms | ActiveRecord: 0.0ms)


Started GET "/" for 127.0.0.1 at 2018-11-26 15:20:46 +0300
Processing by PagesController#app as HTML
  Rendering pages/app.html.erb within layouts/application
  Rendered pages/app.html.erb within layouts/application (1.4ms)
Completed 200 OK in 1565ms (Views: 1557.8ms | ActiveRecord: 0.0ms)


Started GET "/" for 127.0.0.1 at 2018-11-26 15:21:08 +0300
Processing by PagesController#app as HTML
  Rendering pages/app.html.erb within layouts/application
  Rendered pages/app.html.erb within layouts/application (0.4ms)
Completed 200 OK in 22ms (Views: 19.2ms | ActiveRecord: 0.0ms)


Started GET "/" for 127.0.0.1 at 2018-11-26 15:22:19 +0300
Processing by PagesController#app as HTML
  Rendering pages/app.html.erb within layouts/application
  Rendered pages/app.html.erb within layouts/application (0.4ms)
Completed 200 OK in 23ms (Views: 19.5ms | ActiveRecord: 0.0ms)


Started GET "/" for 127.0.0.1 at 2018-11-26 15:22:53 +0300
Processing by PagesController#app as HTML
  Rendering pages/app.html.erb within layouts/application
  Rendered pages/app.html.erb within layouts/application (0.3ms)
Completed 200 OK in 18ms (Views: 15.4ms | ActiveRecord: 0.0ms)


Started GET "/" for 127.0.0.1 at 2018-11-26 15:23:03 +0300
Processing by PagesController#app as HTML
  Rendering pages/app.html.erb within layouts/application
  Rendered pages/app.html.erb within layouts/application (0.8ms)
Completed 200 OK in 27ms (Views: 24.1ms | ActiveRecord: 0.0ms)


Started GET "/" for 127.0.0.1 at 2018-11-26 15:24:21 +0300
Processing by PagesController#app as HTML
  Rendering pages/app.html.erb within layouts/application
  Rendered pages/app.html.erb within layouts/application (0.4ms)
Completed 200 OK in 22ms (Views: 19.3ms | ActiveRecord: 0.0ms)


Started GET "/" for 127.0.0.1 at 2018-11-26 15:25:15 +0300
Processing by PagesController#app as HTML
  Rendering pages/app.html.erb within layouts/application
  Rendered pages/app.html.erb within layouts/application (0.4ms)
Completed 200 OK in 21ms (Views: 18.7ms | ActiveRecord: 0.0ms)


Started GET "/" for 127.0.0.1 at 2018-11-26 15:26:20 +0300
Processing by PagesController#app as HTML
  Rendering pages/app.html.erb within layouts/application
  Rendered pages/app.html.erb within layouts/application (0.3ms)
Completed 200 OK in 16ms (Views: 14.2ms | ActiveRecord: 0.0ms)


Started GET "/" for 127.0.0.1 at 2018-11-26 15:27:44 +0300
Processing by PagesController#app as HTML
  Rendering pages/app.html.erb within layouts/application
  Rendered pages/app.html.erb within layouts/application (0.5ms)
Completed 200 OK in 30ms (Views: 27.5ms | ActiveRecord: 0.0ms)


Started GET "/" for 127.0.0.1 at 2018-11-26 15:28:05 +0300
Processing by PagesController#app as HTML
  Rendering pages/app.html.erb within layouts/application
  Rendered pages/app.html.erb within layouts/application (1.5ms)
Completed 200 OK in 43ms (Views: 38.8ms | ActiveRecord: 0.0ms)


Started GET "/" for 127.0.0.1 at 2018-11-26 15:28:31 +0300
Processing by PagesController#app as HTML
  Rendering pages/app.html.erb within layouts/application
  Rendered pages/app.html.erb within layouts/application (0.8ms)
Completed 200 OK in 30ms (Views: 27.8ms | ActiveRecord: 0.0ms)


Started GET "/" for 127.0.0.1 at 2018-11-26 15:28:32 +0300
Processing by PagesController#app as HTML
  Rendering pages/app.html.erb within layouts/application
  Rendered pages/app.html.erb within layouts/application (0.5ms)
Completed 200 OK in 30ms (Views: 27.1ms | ActiveRecord: 0.0ms)


Started GET "/" for 127.0.0.1 at 2018-11-26 15:28:34 +0300
Processing by PagesController#app as HTML
  Rendering pages/app.html.erb within layouts/application
  Rendered pages/app.html.erb within layouts/application (0.5ms)
Completed 200 OK in 31ms (Views: 27.5ms | ActiveRecord: 0.0ms)


Started GET "/" for 127.0.0.1 at 2018-11-26 15:28:36 +0300
Processing by PagesController#app as HTML
  Rendering pages/app.html.erb within layouts/application
  Rendered pages/app.html.erb within layouts/application (0.6ms)
Completed 200 OK in 30ms (Views: 26.3ms | ActiveRecord: 0.0ms)


Started GET "/" for 127.0.0.1 at 2018-11-26 15:29:02 +0300
Processing by PagesController#app as HTML
  Rendering pages/app.html.erb within layouts/application
  Rendered pages/app.html.erb within layouts/application (0.6ms)
Completed 200 OK in 42ms (Views: 39.1ms | ActiveRecord: 0.0ms)


Started GET "/" for 127.0.0.1 at 2018-11-26 15:29:07 +0300
Processing by PagesController#app as HTML
  Rendering pages/app.html.erb within layouts/application
  Rendered pages/app.html.erb within layouts/application (0.4ms)
Completed 200 OK in 25ms (Views: 21.7ms | ActiveRecord: 0.0ms)


Started GET "/" for 127.0.0.1 at 2018-11-26 15:29:10 +0300
Processing by PagesController#app as HTML
  Rendering pages/app.html.erb within layouts/application
  Rendered pages/app.html.erb within layouts/application (0.5ms)
Completed 200 OK in 28ms (Views: 24.7ms | ActiveRecord: 0.0ms)


Started GET "/" for 127.0.0.1 at 2018-11-26 15:29:11 +0300
Processing by PagesController#app as HTML
  Rendering pages/app.html.erb within layouts/application
  Rendered pages/app.html.erb within layouts/application (1.4ms)
Completed 200 OK in 32ms (Views: 28.6ms | ActiveRecord: 0.0ms)


Started GET "/" for 127.0.0.1 at 2018-11-26 15:29:11 +0300
Processing by PagesController#app as HTML
  Rendering pages/app.html.erb within layouts/application
  Rendered pages/app.html.erb within layouts/application (0.4ms)
Completed 200 OK in 28ms (Views: 22.8ms | ActiveRecord: 0.0ms)


Started GET "/" for 127.0.0.1 at 2018-11-26 15:29:11 +0300
Processing by PagesController#app as HTML
  Rendering pages/app.html.erb within layouts/application
  Rendered pages/app.html.erb within layouts/application (0.4ms)
Completed 200 OK in 27ms (Views: 23.4ms | ActiveRecord: 0.0ms)


Started GET "/" for 127.0.0.1 at 2018-11-26 15:29:39 +0300
Processing by PagesController#app as HTML
  Rendering pages/app.html.erb within layouts/application
  Rendered pages/app.html.erb within layouts/application (0.5ms)
Completed 200 OK in 33ms (Views: 29.4ms | ActiveRecord: 0.0ms)


Started GET "/" for 127.0.0.1 at 2018-11-26 15:29:40 +0300
Processing by PagesController#app as HTML
  Rendering pages/app.html.erb within layouts/application
  Rendered pages/app.html.erb within layouts/application (0.6ms)
Completed 200 OK in 32ms (Views: 28.9ms | ActiveRecord: 0.0ms)


Started GET "/" for 127.0.0.1 at 2018-11-26 15:29:40 +0300
Processing by PagesController#app as HTML
  Rendering pages/app.html.erb within layouts/application
  Rendered pages/app.html.erb within layouts/application (0.4ms)
Completed 200 OK in 24ms (Views: 20.0ms | ActiveRecord: 0.0ms)


Started GET "/" for 127.0.0.1 at 2018-11-26 15:29:40 +0300
Processing by PagesController#app as HTML
  Rendering pages/app.html.erb within layouts/application
  Rendered pages/app.html.erb within layouts/application (0.4ms)
Completed 200 OK in 22ms (Views: 19.1ms | ActiveRecord: 0.0ms)


Started GET "/" for 127.0.0.1 at 2018-11-26 15:29:40 +0300
Processing by PagesController#app as HTML
  Rendering pages/app.html.erb within layouts/application
  Rendered pages/app.html.erb within layouts/application (0.5ms)
Completed 200 OK in 26ms (Views: 22.4ms | ActiveRecord: 0.0ms)


Started GET "/" for 127.0.0.1 at 2018-11-26 15:29:40 +0300
Processing by PagesController#app as HTML
  Rendering pages/app.html.erb within layouts/application
  Rendered pages/app.html.erb within layouts/application (0.4ms)
Completed 200 OK in 28ms (Views: 24.3ms | ActiveRecord: 0.0ms)


Started GET "/" for 127.0.0.1 at 2018-11-26 15:29:41 +0300
Processing by PagesController#app as HTML
  Rendering pages/app.html.erb within layouts/application
  Rendered pages/app.html.erb within layouts/application (0.5ms)
Completed 200 OK in 29ms (Views: 25.1ms | ActiveRecord: 0.0ms)


Started GET "/" for 127.0.0.1 at 2018-11-26 15:29:41 +0300
Processing by PagesController#app as HTML
  Rendering pages/app.html.erb within layouts/application
  Rendered pages/app.html.erb within layouts/application (0.5ms)
Completed 200 OK in 30ms (Views: 24.2ms | ActiveRecord: 0.0ms)


Started GET "/" for 127.0.0.1 at 2018-11-26 15:29:41 +0300
Processing by PagesController#app as HTML
  Rendering pages/app.html.erb within layouts/application
  Rendered pages/app.html.erb within layouts/application (0.5ms)
Completed 200 OK in 29ms (Views: 24.8ms | ActiveRecord: 0.0ms)


Started GET "/" for 127.0.0.1 at 2018-11-26 15:29:41 +0300
Processing by PagesController#app as HTML
  Rendering pages/app.html.erb within layouts/application
  Rendered pages/app.html.erb within layouts/application (0.4ms)
Completed 200 OK in 31ms (Views: 26.4ms | ActiveRecord: 0.0ms)


Started GET "/" for 127.0.0.1 at 2018-11-26 15:30:30 +0300
Processing by PagesController#app as HTML
  Rendering pages/app.html.erb within layouts/application
  Rendered pages/app.html.erb within layouts/application (0.5ms)
Completed 200 OK in 31ms (Views: 26.9ms | ActiveRecord: 0.0ms)


Started GET "/" for 127.0.0.1 at 2018-11-26 15:31:44 +0300
Processing by PagesController#app as HTML
  Rendering pages/app.html.erb within layouts/application
  Rendered pages/app.html.erb within layouts/application (0.5ms)
Completed 200 OK in 24ms (Views: 20.9ms | ActiveRecord: 0.0ms)


Started GET "/" for 127.0.0.1 at 2018-11-26 15:32:06 +0300
Processing by PagesController#app as HTML
  Rendering pages/app.html.erb within layouts/application
  Rendered pages/app.html.erb within layouts/application (0.5ms)
Completed 200 OK in 29ms (Views: 26.2ms | ActiveRecord: 0.0ms)


Started GET "/" for 127.0.0.1 at 2018-11-26 15:32:19 +0300
Processing by PagesController#app as HTML
  Rendering pages/app.html.erb within layouts/application
  Rendered pages/app.html.erb within layouts/application (0.4ms)
Completed 200 OK in 24ms (Views: 21.0ms | ActiveRecord: 0.0ms)


Started GET "/" for 127.0.0.1 at 2018-11-26 15:32:27 +0300
Processing by PagesController#app as HTML
  Rendering pages/app.html.erb within layouts/application
  Rendered pages/app.html.erb within layouts/application (0.4ms)
Completed 200 OK in 24ms (Views: 21.2ms | ActiveRecord: 0.0ms)


Started GET "/" for 127.0.0.1 at 2018-11-26 15:33:46 +0300
Processing by PagesController#app as HTML
  Rendering pages/app.html.erb within layouts/application
  Rendered pages/app.html.erb within layouts/application (0.4ms)
Completed 200 OK in 21ms (Views: 18.7ms | ActiveRecord: 0.0ms)


Started GET "/" for 127.0.0.1 at 2018-11-26 15:34:12 +0300
Processing by PagesController#app as HTML
  Rendering pages/app.html.erb within layouts/application
  Rendered pages/app.html.erb within layouts/application (0.6ms)
Completed 200 OK in 31ms (Views: 28.1ms | ActiveRecord: 0.0ms)


Started GET "/" for 127.0.0.1 at 2018-11-26 15:35:04 +0300
Processing by PagesController#app as HTML
  Rendering pages/app.html.erb within layouts/application
  Rendered pages/app.html.erb within layouts/application (0.4ms)
Completed 200 OK in 19ms (Views: 16.6ms | ActiveRecord: 0.0ms)


Started GET "/" for 127.0.0.1 at 2018-11-26 15:35:16 +0300
Processing by PagesController#app as HTML
  Rendering pages/app.html.erb within layouts/application
  Rendered pages/app.html.erb within layouts/application (0.6ms)
Completed 200 OK in 32ms (Views: 28.0ms | ActiveRecord: 0.0ms)


Started GET "/" for 127.0.0.1 at 2018-11-26 15:35:28 +0300
Processing by PagesController#app as HTML
  Rendering pages/app.html.erb within layouts/application
  Rendered pages/app.html.erb within layouts/application (0.5ms)
Completed 200 OK in 31ms (Views: 27.9ms | ActiveRecord: 0.0ms)


Started GET "/" for 127.0.0.1 at 2018-11-26 15:36:24 +0300
Processing by PagesController#app as HTML
  Rendering pages/app.html.erb within layouts/application
  Rendered pages/app.html.erb within layouts/application (0.4ms)
Completed 200 OK in 23ms (Views: 18.6ms | ActiveRecord: 0.0ms)


Started GET "/" for 127.0.0.1 at 2018-11-26 15:37:57 +0300
Processing by PagesController#app as HTML
  Rendering pages/app.html.erb within layouts/application
  Rendered pages/app.html.erb within layouts/application (0.5ms)
Completed 200 OK in 24ms (Views: 21.2ms | ActiveRecord: 0.0ms)


Started GET "/" for 127.0.0.1 at 2018-11-26 15:38:03 +0300
Processing by PagesController#app as HTML
  Rendering pages/app.html.erb within layouts/application
  Rendered pages/app.html.erb within layouts/application (0.4ms)
Completed 200 OK in 28ms (Views: 25.0ms | ActiveRecord: 0.0ms)


Started GET "/" for 127.0.0.1 at 2018-11-26 15:38:13 +0300
Processing by PagesController#app as HTML
  Rendering pages/app.html.erb within layouts/application
  Rendered pages/app.html.erb within layouts/application (0.4ms)
Completed 200 OK in 26ms (Views: 22.5ms | ActiveRecord: 0.0ms)


Started GET "/" for 127.0.0.1 at 2018-11-26 15:38:22 +0300
Processing by PagesController#app as HTML
  Rendering pages/app.html.erb within layouts/application
  Rendered pages/app.html.erb within layouts/application (0.5ms)
Completed 200 OK in 20ms (Views: 17.8ms | ActiveRecord: 0.0ms)


Started GET "/" for 127.0.0.1 at 2018-11-26 15:38:27 +0300
Processing by PagesController#app as HTML
  Rendering pages/app.html.erb within layouts/application
  Rendered pages/app.html.erb within layouts/application (0.6ms)
Completed 200 OK in 29ms (Views: 24.9ms | ActiveRecord: 0.0ms)


Started GET "/" for 127.0.0.1 at 2018-11-26 15:40:50 +0300
Processing by PagesController#app as HTML
  Rendering pages/app.html.erb within layouts/application
  Rendered pages/app.html.erb within layouts/application (0.5ms)
Completed 200 OK in 20ms (Views: 17.3ms | ActiveRecord: 0.0ms)


Started GET "/" for 127.0.0.1 at 2018-11-26 15:41:51 +0300
Processing by PagesController#app as HTML
  Rendering pages/app.html.erb within layouts/application
  Rendered pages/app.html.erb within layouts/application (0.4ms)
Completed 200 OK in 20ms (Views: 17.9ms | ActiveRecord: 0.0ms)


Started GET "/" for 127.0.0.1 at 2018-11-26 15:42:21 +0300
Processing by PagesController#app as HTML
  Rendering pages/app.html.erb within layouts/application
  Rendered pages/app.html.erb within layouts/application (0.4ms)
Completed 200 OK in 26ms (Views: 21.7ms | ActiveRecord: 0.0ms)


Started GET "/" for 127.0.0.1 at 2018-11-26 15:42:53 +0300
Processing by PagesController#app as HTML
  Rendering pages/app.html.erb within layouts/application
  Rendered pages/app.html.erb within layouts/application (0.7ms)
Completed 200 OK in 32ms (Views: 28.0ms | ActiveRecord: 0.0ms)


Started GET "/" for 127.0.0.1 at 2018-11-26 15:43:28 +0300
Processing by PagesController#app as HTML
  Rendering pages/app.html.erb within layouts/application
  Rendered pages/app.html.erb within layouts/application (1.2ms)
Completed 200 OK in 42ms (Views: 39.1ms | ActiveRecord: 0.0ms)


Started GET "/" for 127.0.0.1 at 2018-11-26 15:45:44 +0300
Processing by PagesController#app as HTML
  Rendering pages/app.html.erb within layouts/application
  Rendered pages/app.html.erb within layouts/application (0.5ms)
Completed 200 OK in 30ms (Views: 27.2ms | ActiveRecord: 0.0ms)


Started GET "/" for 127.0.0.1 at 2018-11-26 15:46:41 +0300
Processing by PagesController#app as HTML
  Rendering pages/app.html.erb within layouts/application
  Rendered pages/app.html.erb within layouts/application (0.5ms)
Completed 200 OK in 20ms (Views: 17.6ms | ActiveRecord: 0.0ms)


Started GET "/" for 127.0.0.1 at 2018-11-26 15:46:49 +0300
Processing by PagesController#app as HTML
  Rendering pages/app.html.erb within layouts/application
  Rendered pages/app.html.erb within layouts/application (0.5ms)
Completed 200 OK in 23ms (Views: 20.3ms | ActiveRecord: 0.0ms)


Started GET "/" for 127.0.0.1 at 2018-11-26 15:48:50 +0300
Processing by PagesController#app as HTML
  Rendering pages/app.html.erb within layouts/application
  Rendered pages/app.html.erb within layouts/application (0.4ms)
Completed 200 OK in 22ms (Views: 17.9ms | ActiveRecord: 0.0ms)


Started GET "/" for 127.0.0.1 at 2018-11-26 15:49:04 +0300
Processing by PagesController#app as HTML
  Rendering pages/app.html.erb within layouts/application
  Rendered pages/app.html.erb within layouts/application (0.5ms)
Completed 200 OK in 27ms (Views: 22.1ms | ActiveRecord: 0.0ms)


Started GET "/" for 127.0.0.1 at 2018-11-26 15:49:35 +0300
Processing by PagesController#app as HTML
  Rendering pages/app.html.erb within layouts/application
  Rendered pages/app.html.erb within layouts/application (0.5ms)
Completed 200 OK in 25ms (Views: 22.1ms | ActiveRecord: 0.0ms)


Started GET "/" for 127.0.0.1 at 2018-11-26 15:51:38 +0300
Processing by PagesController#app as HTML
  Rendering pages/app.html.erb within layouts/application
  Rendered pages/app.html.erb within layouts/application (0.5ms)
Completed 200 OK in 46ms (Views: 42.6ms | ActiveRecord: 0.0ms)


Started GET "/" for 127.0.0.1 at 2018-11-26 15:58:19 +0300
Processing by PagesController#app as HTML
  Rendering pages/app.html.erb within layouts/application
  Rendered pages/app.html.erb within layouts/application (0.5ms)
Completed 200 OK in 32ms (Views: 29.4ms | ActiveRecord: 0.0ms)


Started GET "/" for 127.0.0.1 at 2018-11-26 15:58:56 +0300
Processing by PagesController#app as HTML
  Rendering pages/app.html.erb within layouts/application
  Rendered pages/app.html.erb within layouts/application (0.5ms)
Completed 200 OK in 33ms (Views: 30.2ms | ActiveRecord: 0.0ms)


Started GET "/" for 127.0.0.1 at 2018-11-26 16:00:28 +0300
Processing by PagesController#app as HTML
  Rendering pages/app.html.erb within layouts/application
  Rendered pages/app.html.erb within layouts/application (0.5ms)
Completed 200 OK in 39ms (Views: 35.8ms | ActiveRecord: 0.0ms)


Started GET "/" for 127.0.0.1 at 2018-11-26 16:02:52 +0300
Processing by PagesController#app as HTML
  Rendering pages/app.html.erb within layouts/application
  Rendered pages/app.html.erb within layouts/application (0.6ms)
Completed 200 OK in 34ms (Views: 30.7ms | ActiveRecord: 0.0ms)


Started GET "/" for 127.0.0.1 at 2018-11-26 16:03:17 +0300
Processing by PagesController#app as HTML
  Rendering pages/app.html.erb within layouts/application
  Rendered pages/app.html.erb within layouts/application (1.0ms)
Completed 200 OK in 37ms (Views: 33.2ms | ActiveRecord: 0.0ms)


Started GET "/" for 127.0.0.1 at 2018-11-26 16:04:39 +0300
Processing by PagesController#app as HTML
  Rendering pages/app.html.erb within layouts/application
  Rendered pages/app.html.erb within layouts/application (0.7ms)
Completed 200 OK in 29ms (Views: 22.1ms | ActiveRecord: 0.0ms)


Started GET "/" for 127.0.0.1 at 2018-11-26 16:06:47 +0300
Processing by PagesController#app as HTML
  Rendering pages/app.html.erb within layouts/application
  Rendered pages/app.html.erb within layouts/application (0.4ms)
Completed 200 OK in 22ms (Views: 18.8ms | ActiveRecord: 0.0ms)


Started GET "/" for 127.0.0.1 at 2018-11-26 16:08:48 +0300
Processing by PagesController#app as HTML
  Rendering pages/app.html.erb within layouts/application
  Rendered pages/app.html.erb within layouts/application (0.6ms)
Completed 200 OK in 33ms (Views: 30.4ms | ActiveRecord: 0.0ms)


Started GET "/" for 127.0.0.1 at 2018-11-26 16:10:45 +0300
Processing by PagesController#app as HTML
  Rendering pages/app.html.erb within layouts/application
  Rendered pages/app.html.erb within layouts/application (0.5ms)
Completed 200 OK in 29ms (Views: 26.4ms | ActiveRecord: 0.0ms)


Started GET "/" for 127.0.0.1 at 2018-11-26 16:11:02 +0300
Processing by PagesController#app as HTML
  Rendering pages/app.html.erb within layouts/application
  Rendered pages/app.html.erb within layouts/application (0.6ms)
Completed 200 OK in 23ms (Views: 20.2ms | ActiveRecord: 0.0ms)


Started GET "/" for 127.0.0.1 at 2018-11-26 16:21:24 +0300
Processing by PagesController#app as HTML
  Rendering pages/app.html.erb within layouts/application
  Rendered pages/app.html.erb within layouts/application (1.9ms)
Completed 200 OK in 2492ms (Views: 2482.9ms | ActiveRecord: 0.0ms)


Started GET "/" for 127.0.0.1 at 2018-11-26 16:23:37 +0300
Processing by PagesController#app as HTML
  Rendering pages/app.html.erb within layouts/application
  Rendered pages/app.html.erb within layouts/application (0.3ms)
Completed 200 OK in 28ms (Views: 24.5ms | ActiveRecord: 0.0ms)


Started GET "/" for 127.0.0.1 at 2018-11-26 16:28:08 +0300
Processing by PagesController#app as HTML
  Rendering pages/app.html.erb within layouts/application
  Rendered pages/app.html.erb within layouts/application (1.2ms)
Completed 200 OK in 49ms (Views: 44.8ms | ActiveRecord: 0.0ms)


Started GET "/" for 127.0.0.1 at 2018-11-27 09:14:42 +0300
Processing by PagesController#app as HTML
  Rendering pages/app.html.erb within layouts/application
  Rendered pages/app.html.erb within layouts/application (3.5ms)
Completed 200 OK in 137ms (Views: 126.5ms | ActiveRecord: 0.0ms)


Started GET "/" for 127.0.0.1 at 2018-11-27 09:15:11 +0300
Processing by PagesController#app as HTML
  Rendering pages/app.html.erb within layouts/application
  Rendered pages/app.html.erb within layouts/application (0.4ms)
Completed 200 OK in 33ms (Views: 28.8ms | ActiveRecord: 0.0ms)


Started GET "/" for 127.0.0.1 at 2018-11-27 09:15:27 +0300
Processing by PagesController#app as HTML
  Rendering pages/app.html.erb within layouts/application
  Rendered pages/app.html.erb within layouts/application (1.3ms)
Completed 200 OK in 49ms (Views: 45.5ms | ActiveRecord: 0.0ms)


Started GET "/" for 127.0.0.1 at 2018-11-27 09:15:46 +0300
Processing by PagesController#app as HTML
  Rendering pages/app.html.erb within layouts/application
  Rendered pages/app.html.erb within layouts/application (0.9ms)
Completed 200 OK in 45ms (Views: 40.2ms | ActiveRecord: 0.0ms)


Started GET "/" for 127.0.0.1 at 2018-11-27 09:15:56 +0300
Processing by PagesController#app as HTML
  Rendering pages/app.html.erb within layouts/application
  Rendered pages/app.html.erb within layouts/application (0.5ms)
Completed 200 OK in 41ms (Views: 35.2ms | ActiveRecord: 0.0ms)


Started GET "/" for 127.0.0.1 at 2018-11-27 09:22:19 +0300
Processing by PagesController#app as HTML
  Rendering pages/app.html.erb within layouts/application
  Rendered pages/app.html.erb within layouts/application (0.5ms)
Completed 200 OK in 35ms (Views: 30.7ms | ActiveRecord: 0.0ms)


Started GET "/" for 127.0.0.1 at 2018-11-27 09:22:32 +0300
Processing by PagesController#app as HTML
  Rendering pages/app.html.erb within layouts/application
  Rendered pages/app.html.erb within layouts/application (0.6ms)
Completed 200 OK in 30ms (Views: 26.6ms | ActiveRecord: 0.0ms)


Started GET "/" for 127.0.0.1 at 2018-11-27 09:22:37 +0300
Processing by PagesController#app as HTML
  Rendering pages/app.html.erb within layouts/application
  Rendered pages/app.html.erb within layouts/application (0.5ms)
Completed 200 OK in 28ms (Views: 24.9ms | ActiveRecord: 0.0ms)


Started GET "/" for 127.0.0.1 at 2018-11-27 09:23:16 +0300
Processing by PagesController#app as HTML
  Rendering pages/app.html.erb within layouts/application
  Rendered pages/app.html.erb within layouts/application (0.5ms)
Completed 200 OK in 27ms (Views: 21.4ms | ActiveRecord: 0.0ms)


Started GET "/" for 127.0.0.1 at 2019-04-10 21:37:45 +0300
Processing by PagesController#app as HTML
  Rendering pages/app.html.erb within layouts/application
  Rendered pages/app.html.erb within layouts/application (3.1ms)
[Webpacker] Compiling…
[Webpacker] Compiled all packs in /Users/la/Documents/A-Z/g/GeneralAssembly-WDI1/OryxClass/class/week_09/day_02/OurGithubApp/public/packs
Completed 200 OK in 7161ms (Views: 7151.2ms | ActiveRecord: 0.0ms)


Started GET "/" for 127.0.0.1 at 2019-04-10 21:38:37 +0300
Processing by PagesController#app as HTML
  Rendering pages/app.html.erb within layouts/application
  Rendered pages/app.html.erb within layouts/application (0.9ms)
Completed 200 OK in 42ms (Views: 38.7ms | ActiveRecord: 0.0ms)


